android/app/build/intermediates/manifest_merge_blame_file/release/manifest-merger-blame-release-report.txt
1<?xml version="1.0" encoding="utf-8"?>
2<manifest xmlns:android="http://schemas.android.com/apk/res/android"
3    package="com.crypto.cvtrade"
4    android:versionCode="1"
5    android:versionName="1.0.0" >
6
7    <uses-sdk
8        android:minSdkVersion="21"
9        android:targetSdkVersion="34" />
10
11    <uses-permission android:name="android.permission.INTERNET" />
11-->src/main/AndroidManifest.xml:3:5-67
11-->src/main/AndroidManifest.xml:3:22-64
12    <uses-permission android:name="android.permission.READ_EXTERNAL_STORAGE" />
12-->src/main/AndroidManifest.xml:4:1-76
12-->src/main/AndroidManifest.xml:4:18-73
13    <uses-permission android:name="android.permission.CAMERA" />
13-->src/main/AndroidManifest.xml:5:2-62
13-->src/main/AndroidManifest.xml:5:19-59
14    <uses-permission android:name="android.permission.READ_MEDIA_IMAGES" />
14-->src/main/AndroidManifest.xml:6:3-73
14-->src/main/AndroidManifest.xml:6:20-71
15    <uses-permission android:name="android.permission.WRITE_EXTERNAL_STORAGE" />
15-->src/main/AndroidManifest.xml:7:3-79
15-->src/main/AndroidManifest.xml:7:20-76
16
17    <uses-feature android:name="android.hardware.camera" />
17-->src/main/AndroidManifest.xml:9:2-57
17-->src/main/AndroidManifest.xml:9:16-54
18    <uses-feature android:name="android.hardware.camera.autofocus" />
18-->src/main/AndroidManifest.xml:10:2-67
18-->src/main/AndroidManifest.xml:10:16-64
19    <uses-feature android:name="android.hardware.camera" />
19-->src/main/AndroidManifest.xml:9:2-57
19-->src/main/AndroidManifest.xml:9:16-54
20
21    <queries>
21-->[:react-native-image-crop-picker] AndroidManifest.xml:7:5-11:15
22        <intent>
22-->[:react-native-image-crop-picker] AndroidManifest.xml:8:9-10:18
23            <action android:name="android.media.action.IMAGE_CAPTURE" />
23-->[:react-native-image-crop-picker] AndroidManifest.xml:9:13-73
23-->[:react-native-image-crop-picker] AndroidManifest.xml:9:21-70
24        </intent>
25    </queries>
26
27    <uses-permission android:name="android.permission.ACCESS_NETWORK_STATE" />
27-->[com.google.firebase:firebase-messaging:23.3.1] AndroidManifest.xml:22:5-79
27-->[com.google.firebase:firebase-messaging:23.3.1] AndroidManifest.xml:22:22-76
28    <uses-permission android:name="android.permission.POST_NOTIFICATIONS" />
28-->[com.google.firebase:firebase-messaging:23.3.1] AndroidManifest.xml:23:5-77
28-->[com.google.firebase:firebase-messaging:23.3.1] AndroidManifest.xml:23:22-74
29    <uses-permission android:name="android.permission.WAKE_LOCK" /> <!-- Required by older versions of Google Play services to create IID tokens -->
29-->[com.google.firebase:firebase-messaging:23.3.1] AndroidManifest.xml:24:5-68
29-->[com.google.firebase:firebase-messaging:23.3.1] AndroidManifest.xml:24:22-65
30    <uses-permission android:name="com.google.android.c2dm.permission.RECEIVE" />
30-->[com.google.firebase:firebase-messaging:23.3.1] AndroidManifest.xml:26:5-82
30-->[com.google.firebase:firebase-messaging:23.3.1] AndroidManifest.xml:26:22-79
31    <uses-permission android:name="com.google.android.gms.permission.AD_ID" />
31-->[com.google.android.gms:play-services-measurement-api:21.5.0] AndroidManifest.xml:25:5-79
31-->[com.google.android.gms:play-services-measurement-api:21.5.0] AndroidManifest.xml:25:22-76
32    <uses-permission android:name="android.permission.ACCESS_ADSERVICES_ATTRIBUTION" />
32-->[com.google.android.gms:play-services-measurement-api:21.5.0] AndroidManifest.xml:26:5-88
32-->[com.google.android.gms:play-services-measurement-api:21.5.0] AndroidManifest.xml:26:22-85
33    <uses-permission android:name="android.permission.ACCESS_ADSERVICES_AD_ID" />
33-->[com.google.android.gms:play-services-measurement-api:21.5.0] AndroidManifest.xml:27:5-82
33-->[com.google.android.gms:play-services-measurement-api:21.5.0] AndroidManifest.xml:27:22-79
34    <uses-permission android:name="com.google.android.finsky.permission.BIND_GET_INSTALL_REFERRER_SERVICE" />
34-->[com.google.android.gms:play-services-measurement:21.5.0] AndroidManifest.xml:26:5-110
34-->[com.google.android.gms:play-services-measurement:21.5.0] AndroidManifest.xml:26:22-107
35
36    <permission
36-->[androidx.core:core:1.9.0] AndroidManifest.xml:22:5-24:47
37        android:name="com.crypto.cvtrade.DYNAMIC_RECEIVER_NOT_EXPORTED_PERMISSION"
37-->[androidx.core:core:1.9.0] AndroidManifest.xml:23:9-81
38        android:protectionLevel="signature" />
38-->[androidx.core:core:1.9.0] AndroidManifest.xml:24:9-44
39
40    <uses-permission android:name="com.crypto.cvtrade.DYNAMIC_RECEIVER_NOT_EXPORTED_PERMISSION" /> <!-- for android -->
40-->[androidx.core:core:1.9.0] AndroidManifest.xml:26:5-97
40-->[androidx.core:core:1.9.0] AndroidManifest.xml:26:22-94
41    <!-- <uses-permission android:name="com.android.launcher.permission.READ_SETTINGS"/> -->
42    <!-- <uses-permission android:name="com.android.launcher.permission.WRITE_SETTINGS"/> -->
43    <!-- <uses-permission android:name="com.android.launcher.permission.INSTALL_SHORTCUT" /> -->
44    <!-- <uses-permission android:name="com.android.launcher.permission.UNINSTALL_SHORTCUT" /> -->
45    <!-- for Samsung -->
46    <uses-permission android:name="com.sec.android.provider.badge.permission.READ" />
46-->[me.leolin:ShortcutBadger:1.1.22] AndroidManifest.xml:19:5-86
46-->[me.leolin:ShortcutBadger:1.1.22] AndroidManifest.xml:19:22-83
47    <uses-permission android:name="com.sec.android.provider.badge.permission.WRITE" /> <!-- for htc -->
47-->[me.leolin:ShortcutBadger:1.1.22] AndroidManifest.xml:20:5-87
47-->[me.leolin:ShortcutBadger:1.1.22] AndroidManifest.xml:20:22-84
48    <uses-permission android:name="com.htc.launcher.permission.READ_SETTINGS" />
48-->[me.leolin:ShortcutBadger:1.1.22] AndroidManifest.xml:23:5-81
48-->[me.leolin:ShortcutBadger:1.1.22] AndroidManifest.xml:23:22-78
49    <uses-permission android:name="com.htc.launcher.permission.UPDATE_SHORTCUT" /> <!-- for sony -->
49-->[me.leolin:ShortcutBadger:1.1.22] AndroidManifest.xml:24:5-83
49-->[me.leolin:ShortcutBadger:1.1.22] AndroidManifest.xml:24:22-80
50    <uses-permission android:name="com.sonyericsson.home.permission.BROADCAST_BADGE" />
50-->[me.leolin:ShortcutBadger:1.1.22] AndroidManifest.xml:27:5-88
50-->[me.leolin:ShortcutBadger:1.1.22] AndroidManifest.xml:27:22-85
51    <uses-permission android:name="com.sonymobile.home.permission.PROVIDER_INSERT_BADGE" /> <!-- for apex -->
51-->[me.leolin:ShortcutBadger:1.1.22] AndroidManifest.xml:28:5-92
51-->[me.leolin:ShortcutBadger:1.1.22] AndroidManifest.xml:28:22-89
52    <uses-permission android:name="com.anddoes.launcher.permission.UPDATE_COUNT" /> <!-- for solid -->
52-->[me.leolin:ShortcutBadger:1.1.22] AndroidManifest.xml:31:5-84
52-->[me.leolin:ShortcutBadger:1.1.22] AndroidManifest.xml:31:22-81
53    <uses-permission android:name="com.majeur.launcher.permission.UPDATE_BADGE" /> <!-- for huawei -->
53-->[me.leolin:ShortcutBadger:1.1.22] AndroidManifest.xml:34:5-83
53-->[me.leolin:ShortcutBadger:1.1.22] AndroidManifest.xml:34:22-80
54    <uses-permission android:name="com.huawei.android.launcher.permission.CHANGE_BADGE" />
54-->[me.leolin:ShortcutBadger:1.1.22] AndroidManifest.xml:37:5-91
54-->[me.leolin:ShortcutBadger:1.1.22] AndroidManifest.xml:37:22-88
55    <uses-permission android:name="com.huawei.android.launcher.permission.READ_SETTINGS" />
55-->[me.leolin:ShortcutBadger:1.1.22] AndroidManifest.xml:38:5-92
55-->[me.leolin:ShortcutBadger:1.1.22] AndroidManifest.xml:38:22-89
56    <uses-permission android:name="com.huawei.android.launcher.permission.WRITE_SETTINGS" /> <!-- for ZUK -->
56-->[me.leolin:ShortcutBadger:1.1.22] AndroidManifest.xml:39:5-93
56-->[me.leolin:ShortcutBadger:1.1.22] AndroidManifest.xml:39:22-90
57    <uses-permission android:name="android.permission.READ_APP_BADGE" /> <!-- for OPPO -->
57-->[me.leolin:ShortcutBadger:1.1.22] AndroidManifest.xml:42:5-73
57-->[me.leolin:ShortcutBadger:1.1.22] AndroidManifest.xml:42:22-70
58    <uses-permission android:name="com.oppo.launcher.permission.READ_SETTINGS" />
58-->[me.leolin:ShortcutBadger:1.1.22] AndroidManifest.xml:45:5-82
58-->[me.leolin:ShortcutBadger:1.1.22] AndroidManifest.xml:45:22-79
59    <uses-permission android:name="com.oppo.launcher.permission.WRITE_SETTINGS" /> <!-- for EvMe -->
59-->[me.leolin:ShortcutBadger:1.1.22] AndroidManifest.xml:46:5-83
59-->[me.leolin:ShortcutBadger:1.1.22] AndroidManifest.xml:46:22-80
60    <uses-permission android:name="me.everything.badger.permission.BADGE_COUNT_READ" />
60-->[me.leolin:ShortcutBadger:1.1.22] AndroidManifest.xml:49:5-88
60-->[me.leolin:ShortcutBadger:1.1.22] AndroidManifest.xml:49:22-85
61    <uses-permission android:name="me.everything.badger.permission.BADGE_COUNT_WRITE" />
61-->[me.leolin:ShortcutBadger:1.1.22] AndroidManifest.xml:50:5-89
61-->[me.leolin:ShortcutBadger:1.1.22] AndroidManifest.xml:50:22-86
62
63    <application
63-->src/main/AndroidManifest.xml:12:5-35:19
64        android:name="com.crypto.cvtrade.MainApplication"
64-->src/main/AndroidManifest.xml:13:7-38
65        android:allowBackup="false"
65-->src/main/AndroidManifest.xml:17:7-34
66        android:appComponentFactory="androidx.core.app.CoreComponentFactory"
66-->[androidx.core:core:1.9.0] AndroidManifest.xml:28:18-86
67        android:extractNativeLibs="true"
68        android:icon="@mipmap/ic_launcher_round"
68-->src/main/AndroidManifest.xml:15:7-47
69        android:label="@string/app_name"
69-->src/main/AndroidManifest.xml:14:7-39
70        android:largeHeap="true"
70-->src/main/AndroidManifest.xml:21:7-31
71        android:requestLegacyExternalStorage="true"
71-->src/main/AndroidManifest.xml:20:7-50
72        android:roundIcon="@mipmap/ic_launcher_round"
72-->src/main/AndroidManifest.xml:16:7-52
73        android:theme="@style/AppTheme"
73-->src/main/AndroidManifest.xml:18:7-38
74        android:usesCleartextTraffic="true" >
74-->src/main/AndroidManifest.xml:19:7-42
75        <activity
75-->src/main/AndroidManifest.xml:22:7-34:18
76            android:name="com.crypto.cvtrade.MainActivity"
76-->src/main/AndroidManifest.xml:23:9-37
77            android:configChanges="keyboard|keyboardHidden|orientation|screenLayout|screenSize|smallestScreenSize|uiMode"
77-->src/main/AndroidManifest.xml:25:9-118
78            android:exported="true"
78-->src/main/AndroidManifest.xml:29:9-32
79            android:label="@string/app_name"
79-->src/main/AndroidManifest.xml:24:9-41
80            android:launchMode="singleTask"
80-->src/main/AndroidManifest.xml:26:9-40
81            android:screenOrientation="portrait"
81-->src/main/AndroidManifest.xml:27:10-46
82            android:windowSoftInputMode="adjustResize" >
82-->src/main/AndroidManifest.xml:28:9-51
83            <intent-filter>
83-->src/main/AndroidManifest.xml:30:9-33:25
84                <action android:name="android.intent.action.MAIN" />
84-->src/main/AndroidManifest.xml:31:13-65
84-->src/main/AndroidManifest.xml:31:21-62
85
86                <category android:name="android.intent.category.LAUNCHER" />
86-->src/main/AndroidManifest.xml:32:13-73
86-->src/main/AndroidManifest.xml:32:23-70
87            </intent-filter>
88        </activity>
89
90        <provider
90-->[:react-native-image-crop-picker] AndroidManifest.xml:16:9-24:20
91            android:name="com.reactnative.ivpusic.imagepicker.IvpusicImagePickerFileProvider"
91-->[:react-native-image-crop-picker] AndroidManifest.xml:17:13-94
92            android:authorities="com.crypto.cvtrade.provider"
92-->[:react-native-image-crop-picker] AndroidManifest.xml:18:13-60
93            android:exported="false"
93-->[:react-native-image-crop-picker] AndroidManifest.xml:19:13-37
94            android:grantUriPermissions="true" >
94-->[:react-native-image-crop-picker] AndroidManifest.xml:20:13-47
95            <meta-data
95-->[:react-native-image-crop-picker] AndroidManifest.xml:21:13-23:78
96                android:name="android.support.FILE_PROVIDER_PATHS"
96-->[:react-native-image-crop-picker] AndroidManifest.xml:22:17-67
97                android:resource="@xml/ivpusic_imagepicker_provider_paths" />
97-->[:react-native-image-crop-picker] AndroidManifest.xml:23:17-75
98        </provider>
99
100        <activity
100-->[:react-native-image-crop-picker] AndroidManifest.xml:26:9-28:72
101            android:name="com.yalantis.ucrop.UCropActivity"
101-->[:react-native-image-crop-picker] AndroidManifest.xml:27:13-60
102            android:theme="@style/Theme.AppCompat.Light.NoActionBar" />
102-->[:react-native-image-crop-picker] AndroidManifest.xml:28:13-69
103
104        <provider
104-->[:react-native-webview] AndroidManifest.xml:8:9-16:20
105            android:name="com.reactnativecommunity.webview.RNCWebViewFileProvider"
105-->[:react-native-webview] AndroidManifest.xml:9:13-83
106            android:authorities="com.crypto.cvtrade.fileprovider"
106-->[:react-native-webview] AndroidManifest.xml:10:13-64
107            android:exported="false"
107-->[:react-native-webview] AndroidManifest.xml:11:13-37
108            android:grantUriPermissions="true" >
108-->[:react-native-webview] AndroidManifest.xml:12:13-47
109            <meta-data
109-->[:react-native-image-crop-picker] AndroidManifest.xml:21:13-23:78
110                android:name="android.support.FILE_PROVIDER_PATHS"
110-->[:react-native-image-crop-picker] AndroidManifest.xml:22:17-67
111                android:resource="@xml/file_provider_paths" />
111-->[:react-native-image-crop-picker] AndroidManifest.xml:23:17-75
112        </provider>
113
114        <receiver
114-->[com.google.firebase:firebase-messaging:23.3.1] AndroidManifest.xml:29:9-40:20
115            android:name="com.google.firebase.iid.FirebaseInstanceIdReceiver"
115-->[com.google.firebase:firebase-messaging:23.3.1] AndroidManifest.xml:30:13-78
116            android:exported="true"
116-->[com.google.firebase:firebase-messaging:23.3.1] AndroidManifest.xml:31:13-36
117            android:permission="com.google.android.c2dm.permission.SEND" >
117-->[com.google.firebase:firebase-messaging:23.3.1] AndroidManifest.xml:32:13-73
118            <intent-filter>
118-->[com.google.firebase:firebase-messaging:23.3.1] AndroidManifest.xml:33:13-35:29
119                <action android:name="com.google.android.c2dm.intent.RECEIVE" />
119-->[com.google.firebase:firebase-messaging:23.3.1] AndroidManifest.xml:34:17-81
119-->[com.google.firebase:firebase-messaging:23.3.1] AndroidManifest.xml:34:25-78
120            </intent-filter>
121
122            <meta-data
122-->[com.google.firebase:firebase-messaging:23.3.1] AndroidManifest.xml:37:13-39:40
123                android:name="com.google.android.gms.cloudmessaging.FINISHED_AFTER_HANDLED"
123-->[com.google.firebase:firebase-messaging:23.3.1] AndroidManifest.xml:38:17-92
124                android:value="true" />
124-->[com.google.firebase:firebase-messaging:23.3.1] AndroidManifest.xml:39:17-37
125        </receiver>
126        <!--
127             FirebaseMessagingService performs security checks at runtime,
128             but set to not exported to explicitly avoid allowing another app to call it.
129        -->
130        <service
130-->[com.google.firebase:firebase-messaging:23.3.1] AndroidManifest.xml:46:9-53:19
131            android:name="com.google.firebase.messaging.FirebaseMessagingService"
131-->[com.google.firebase:firebase-messaging:23.3.1] AndroidManifest.xml:47:13-82
132            android:directBootAware="true"
132-->[com.google.firebase:firebase-messaging:23.3.1] AndroidManifest.xml:48:13-43
133            android:exported="false" >
133-->[com.google.firebase:firebase-messaging:23.3.1] AndroidManifest.xml:49:13-37
134            <intent-filter android:priority="-500" >
134-->[com.google.firebase:firebase-messaging:23.3.1] AndroidManifest.xml:50:13-52:29
134-->[com.google.firebase:firebase-messaging:23.3.1] AndroidManifest.xml:50:28-51
135                <action android:name="com.google.firebase.MESSAGING_EVENT" />
135-->[com.google.firebase:firebase-messaging:23.3.1] AndroidManifest.xml:51:17-78
135-->[com.google.firebase:firebase-messaging:23.3.1] AndroidManifest.xml:51:25-75
136            </intent-filter>
137        </service>
138        <service
138-->[com.google.firebase:firebase-messaging:23.3.1] AndroidManifest.xml:54:9-63:19
139            android:name="com.google.firebase.components.ComponentDiscoveryService"
139-->[com.google.firebase:firebase-messaging:23.3.1] AndroidManifest.xml:55:13-84
140            android:directBootAware="true"
140-->[com.google.firebase:firebase-common:20.4.2] AndroidManifest.xml:32:13-43
141            android:exported="false" >
141-->[com.google.firebase:firebase-messaging:23.3.1] AndroidManifest.xml:56:13-37
142            <meta-data
142-->[com.google.firebase:firebase-messaging:23.3.1] AndroidManifest.xml:57:13-59:85
143                android:name="com.google.firebase.components:com.google.firebase.messaging.FirebaseMessagingKtxRegistrar"
143-->[com.google.firebase:firebase-messaging:23.3.1] AndroidManifest.xml:58:17-122
144                android:value="com.google.firebase.components.ComponentRegistrar" />
144-->[com.google.firebase:firebase-messaging:23.3.1] AndroidManifest.xml:59:17-82
145            <meta-data
145-->[com.google.firebase:firebase-messaging:23.3.1] AndroidManifest.xml:60:13-62:85
146                android:name="com.google.firebase.components:com.google.firebase.messaging.FirebaseMessagingRegistrar"
146-->[com.google.firebase:firebase-messaging:23.3.1] AndroidManifest.xml:61:17-119
147                android:value="com.google.firebase.components.ComponentRegistrar" />
147-->[com.google.firebase:firebase-messaging:23.3.1] AndroidManifest.xml:62:17-82
148            <meta-data
148-->[com.google.android.gms:play-services-measurement-api:21.5.0] AndroidManifest.xml:37:13-39:85
149                android:name="com.google.firebase.components:com.google.firebase.analytics.connector.internal.AnalyticsConnectorRegistrar"
149-->[com.google.android.gms:play-services-measurement-api:21.5.0] AndroidManifest.xml:38:17-139
150                android:value="com.google.firebase.components.ComponentRegistrar" />
150-->[com.google.android.gms:play-services-measurement-api:21.5.0] AndroidManifest.xml:39:17-82
151            <meta-data
151-->[com.google.firebase:firebase-installations:17.2.0] AndroidManifest.xml:15:13-17:85
152                android:name="com.google.firebase.components:com.google.firebase.installations.FirebaseInstallationsKtxRegistrar"
152-->[com.google.firebase:firebase-installations:17.2.0] AndroidManifest.xml:16:17-130
153                android:value="com.google.firebase.components.ComponentRegistrar" />
153-->[com.google.firebase:firebase-installations:17.2.0] AndroidManifest.xml:17:17-82
154            <meta-data
154-->[com.google.firebase:firebase-installations:17.2.0] AndroidManifest.xml:18:13-20:85
155                android:name="com.google.firebase.components:com.google.firebase.installations.FirebaseInstallationsRegistrar"
155-->[com.google.firebase:firebase-installations:17.2.0] AndroidManifest.xml:19:17-127
156                android:value="com.google.firebase.components.ComponentRegistrar" />
156-->[com.google.firebase:firebase-installations:17.2.0] AndroidManifest.xml:20:17-82
157            <meta-data
157-->[com.google.firebase:firebase-common-ktx:20.4.2] AndroidManifest.xml:12:13-14:85
158                android:name="com.google.firebase.components:com.google.firebase.ktx.FirebaseCommonLegacyRegistrar"
158-->[com.google.firebase:firebase-common-ktx:20.4.2] AndroidManifest.xml:13:17-116
159                android:value="com.google.firebase.components.ComponentRegistrar" />
159-->[com.google.firebase:firebase-common-ktx:20.4.2] AndroidManifest.xml:14:17-82
160            <meta-data
160-->[com.google.firebase:firebase-common:20.4.2] AndroidManifest.xml:35:13-37:85
161                android:name="com.google.firebase.components:com.google.firebase.FirebaseCommonKtxRegistrar"
161-->[com.google.firebase:firebase-common:20.4.2] AndroidManifest.xml:36:17-109
162                android:value="com.google.firebase.components.ComponentRegistrar" />
162-->[com.google.firebase:firebase-common:20.4.2] AndroidManifest.xml:37:17-82
163            <meta-data
163-->[com.google.firebase:firebase-datatransport:18.1.7] AndroidManifest.xml:27:13-29:85
164                android:name="com.google.firebase.components:com.google.firebase.datatransport.TransportRegistrar"
164-->[com.google.firebase:firebase-datatransport:18.1.7] AndroidManifest.xml:28:17-115
165                android:value="com.google.firebase.components.ComponentRegistrar" />
165-->[com.google.firebase:firebase-datatransport:18.1.7] AndroidManifest.xml:29:17-82
166        </service>
167
168        <property
168-->[com.google.android.gms:play-services-measurement-api:21.5.0] AndroidManifest.xml:30:9-32:61
169            android:name="android.adservices.AD_SERVICES_CONFIG"
169-->[com.google.android.gms:play-services-measurement-api:21.5.0] AndroidManifest.xml:31:13-65
170            android:resource="@xml/ga_ad_services_config" />
170-->[com.google.android.gms:play-services-measurement-api:21.5.0] AndroidManifest.xml:32:13-58
171
172        <receiver
172-->[com.google.android.gms:play-services-measurement:21.5.0] AndroidManifest.xml:29:9-33:20
173            android:name="com.google.android.gms.measurement.AppMeasurementReceiver"
173-->[com.google.android.gms:play-services-measurement:21.5.0] AndroidManifest.xml:30:13-85
174            android:enabled="true"
174-->[com.google.android.gms:play-services-measurement:21.5.0] AndroidManifest.xml:31:13-35
175            android:exported="false" >
175-->[com.google.android.gms:play-services-measurement:21.5.0] AndroidManifest.xml:32:13-37
176        </receiver>
177
178        <service
178-->[com.google.android.gms:play-services-measurement:21.5.0] AndroidManifest.xml:35:9-38:40
179            android:name="com.google.android.gms.measurement.AppMeasurementService"
179-->[com.google.android.gms:play-services-measurement:21.5.0] AndroidManifest.xml:36:13-84
180            android:enabled="true"
180-->[com.google.android.gms:play-services-measurement:21.5.0] AndroidManifest.xml:37:13-35
181            android:exported="false" />
181-->[com.google.android.gms:play-services-measurement:21.5.0] AndroidManifest.xml:38:13-37
182        <service
182-->[com.google.android.gms:play-services-measurement:21.5.0] AndroidManifest.xml:39:9-43:72
183            android:name="com.google.android.gms.measurement.AppMeasurementJobService"
183-->[com.google.android.gms:play-services-measurement:21.5.0] AndroidManifest.xml:40:13-87
184            android:enabled="true"
184-->[com.google.android.gms:play-services-measurement:21.5.0] AndroidManifest.xml:41:13-35
185            android:exported="false"
185-->[com.google.android.gms:play-services-measurement:21.5.0] AndroidManifest.xml:42:13-37
186            android:permission="android.permission.BIND_JOB_SERVICE" />
186-->[com.google.android.gms:play-services-measurement:21.5.0] AndroidManifest.xml:43:13-69
187
188        <uses-library
188-->[androidx.privacysandbox.ads:ads-adservices:1.0.0-beta05] AndroidManifest.xml:23:9-25:40
189            android:name="android.ext.adservices"
189-->[androidx.privacysandbox.ads:ads-adservices:1.0.0-beta05] AndroidManifest.xml:24:13-50
190            android:required="false" />
190-->[androidx.privacysandbox.ads:ads-adservices:1.0.0-beta05] AndroidManifest.xml:25:13-37
191
192        <meta-data
192-->[com.github.bumptech.glide:okhttp3-integration:4.12.0] AndroidManifest.xml:11:9-13:43
193            android:name="com.bumptech.glide.integration.okhttp3.OkHttpGlideModule"
193-->[com.github.bumptech.glide:okhttp3-integration:4.12.0] AndroidManifest.xml:12:13-84
194            android:value="GlideModule" />
194-->[com.github.bumptech.glide:okhttp3-integration:4.12.0] AndroidManifest.xml:13:13-40
195
196        <activity
196-->[com.google.android.gms:play-services-base:18.0.1] AndroidManifest.xml:20:9-22:45
197            android:name="com.google.android.gms.common.api.GoogleApiActivity"
197-->[com.google.android.gms:play-services-base:18.0.1] AndroidManifest.xml:20:19-85
198            android:exported="false"
198-->[com.google.android.gms:play-services-base:18.0.1] AndroidManifest.xml:22:19-43
199            android:theme="@android:style/Theme.Translucent.NoTitleBar" />
199-->[com.google.android.gms:play-services-base:18.0.1] AndroidManifest.xml:21:19-78
200
201        <provider
201-->[com.google.firebase:firebase-common:20.4.2] AndroidManifest.xml:23:9-28:39
202            android:name="com.google.firebase.provider.FirebaseInitProvider"
202-->[com.google.firebase:firebase-common:20.4.2] AndroidManifest.xml:24:13-77
203            android:authorities="com.crypto.cvtrade.firebaseinitprovider"
203-->[com.google.firebase:firebase-common:20.4.2] AndroidManifest.xml:25:13-72
204            android:directBootAware="true"
204-->[com.google.firebase:firebase-common:20.4.2] AndroidManifest.xml:26:13-43
205            android:exported="false"
205-->[com.google.firebase:firebase-common:20.4.2] AndroidManifest.xml:27:13-37
206            android:initOrder="100" />
206-->[com.google.firebase:firebase-common:20.4.2] AndroidManifest.xml:28:13-36
207
208        <meta-data
208-->[com.google.android.gms:play-services-basement:18.1.0] AndroidManifest.xml:21:9-23:69
209            android:name="com.google.android.gms.version"
209-->[com.google.android.gms:play-services-basement:18.1.0] AndroidManifest.xml:22:13-58
210            android:value="@integer/google_play_services_version" />
210-->[com.google.android.gms:play-services-basement:18.1.0] AndroidManifest.xml:23:13-66
211
212        <service
212-->[com.google.android.datatransport:transport-backend-cct:3.1.8] AndroidManifest.xml:28:9-34:19
213            android:name="com.google.android.datatransport.runtime.backends.TransportBackendDiscovery"
213-->[com.google.android.datatransport:transport-backend-cct:3.1.8] AndroidManifest.xml:29:13-103
214            android:exported="false" >
214-->[com.google.android.datatransport:transport-backend-cct:3.1.8] AndroidManifest.xml:30:13-37
215            <meta-data
215-->[com.google.android.datatransport:transport-backend-cct:3.1.8] AndroidManifest.xml:31:13-33:39
216                android:name="backend:com.google.android.datatransport.cct.CctBackendFactory"
216-->[com.google.android.datatransport:transport-backend-cct:3.1.8] AndroidManifest.xml:32:17-94
217                android:value="cct" />
217-->[com.google.android.datatransport:transport-backend-cct:3.1.8] AndroidManifest.xml:33:17-36
218        </service>
219        <service
219-->[com.google.android.datatransport:transport-runtime:3.1.8] AndroidManifest.xml:26:9-30:19
220            android:name="com.google.android.datatransport.runtime.scheduling.jobscheduling.JobInfoSchedulerService"
220-->[com.google.android.datatransport:transport-runtime:3.1.8] AndroidManifest.xml:27:13-117
221            android:exported="false"
221-->[com.google.android.datatransport:transport-runtime:3.1.8] AndroidManifest.xml:28:13-37
222            android:permission="android.permission.BIND_JOB_SERVICE" >
222-->[com.google.android.datatransport:transport-runtime:3.1.8] AndroidManifest.xml:29:13-69
223        </service>
224
225        <receiver
225-->[com.google.android.datatransport:transport-runtime:3.1.8] AndroidManifest.xml:32:9-34:40
226            android:name="com.google.android.datatransport.runtime.scheduling.jobscheduling.AlarmManagerSchedulerBroadcastReceiver"
226-->[com.google.android.datatransport:transport-runtime:3.1.8] AndroidManifest.xml:33:13-132
227            android:exported="false" />
227-->[com.google.android.datatransport:transport-runtime:3.1.8] AndroidManifest.xml:34:13-37
228
229        <provider
229-->[androidx.emoji2:emoji2:1.2.0] AndroidManifest.xml:24:9-32:20
230            android:name="androidx.startup.InitializationProvider"
230-->[androidx.emoji2:emoji2:1.2.0] AndroidManifest.xml:25:13-67
231            android:authorities="com.crypto.cvtrade.androidx-startup"
231-->[androidx.emoji2:emoji2:1.2.0] AndroidManifest.xml:26:13-68
232            android:exported="false" >
232-->[androidx.emoji2:emoji2:1.2.0] AndroidManifest.xml:27:13-37
233            <meta-data
233-->[androidx.emoji2:emoji2:1.2.0] AndroidManifest.xml:29:13-31:52
234                android:name="androidx.emoji2.text.EmojiCompatInitializer"
234-->[androidx.emoji2:emoji2:1.2.0] AndroidManifest.xml:30:17-75
235                android:value="androidx.startup" />
235-->[androidx.emoji2:emoji2:1.2.0] AndroidManifest.xml:31:17-49
236            <meta-data
236-->[androidx.lifecycle:lifecycle-process:2.4.1] AndroidManifest.xml:31:13-33:52
237                android:name="androidx.lifecycle.ProcessLifecycleInitializer"
237-->[androidx.lifecycle:lifecycle-process:2.4.1] AndroidManifest.xml:32:17-78
238                android:value="androidx.startup" />
238-->[androidx.lifecycle:lifecycle-process:2.4.1] AndroidManifest.xml:33:17-49
239        </provider>
240
241        <meta-data
241-->[com.facebook.soloader:soloader:0.10.5] AndroidManifest.xml:12:9-14:37
242            android:name="com.facebook.soloader.enabled"
242-->[com.facebook.soloader:soloader:0.10.5] AndroidManifest.xml:13:13-57
243            android:value="false" />
243-->[com.facebook.soloader:soloader:0.10.5] AndroidManifest.xml:14:13-34
244    </application>
245
246</manifest>